Arguments: 
  C:\Program Files\nodejs\node.exe C:\Program Files (x86)\Yarn\bin\yarn.js add localtunnel

PATH: 
  C:\Program Files (x86)\Intel\Intel(R) Management Engine Components\iCLS\;C:\Program Files\Intel\Intel(R) Management Engine Components\iCLS\;C:\Windows\system32;C:\Windows;C:\Windows\System32\Wbem;C:\Windows\System32\WindowsPowerShell\v1.0\;C:\Windows\System32\OpenSSH\;C:\Program Files (x86)\Intel\Intel(R) Management Engine Components\DAL;C:\Program Files\Intel\Intel(R) Management Engine Components\DAL;C:\Program Files (x86)\Intel\Intel(R) Management Engine Components\IPT;C:\Program Files\Intel\Intel(R) Management Engine Components\IPT;C:\Program Files (x86)\NVIDIA Corporation\PhysX\Common;C:\Program Files\NVIDIA Corporation\NVIDIA NvDLISR;C:\Program Files\Intel\WiFi\bin\;C:\Program Files\Common Files\Intel\WirelessCommon\;C:\windows\system32;C:\windows;C:\windows\System32\Wbem;C:\windows\System32\WindowsPowerShell\v1.0\;C:\windows\System32\OpenSSH\;C:\Program Files\dotnet\;C:\Program Files\Microsoft SQL Server\130\Tools\Binn\;C:\Program Files\Git\cmd;C:\Program Files\nodejs\;C:\Program Files (x86)\Yarn\bin\;C:\Users\prigo\AppData\Local\Microsoft\WindowsApps;D:\программы\PyCharm 2019.2.5\bin;;D:\проги\Microsoft VS Code\bin;C:\Users\prigo\AppData\Roaming\npm;C:\Users\prigo\AppData\Local\GitHubDesktop\bin;C:\Users\prigo\AppData\Local\Yarn\bin

Yarn version: 
  1.22.5

Node version: 
  12.19.0

Platform: 
  win32 x64

Trace: 
  Error: EPERM: operation not permitted, unlink 'D:\kursach_PL\kursovaya\kursach\node_modules\node-sass\vendor\win32-x64-72\binding.node'

npm manifest: 
  {
    "name": "gulp-project",
    "version": "1.0.0",
    "description": "First Gulp Project",
    "devDependencies": {
      "browser-sync": "^2.26.13",
      "gulp": "^4.0.2",
      "gulp-autoprefixer": "^7.0.1",
      "gulp-clean-css": "^4.3.0",
      "gulp-concat": "^2.6.1",
      "gulp-imagemin": "^7.1.0",
      "gulp-rename": "^2.0.0",
      "gulp-rigger": "^0.5.8",
      "gulp-sass": "^4.1.0",
      "gulp-sourcemaps": "^1.12.1",
      "gulp-uglify": "^3.0.2",
      "gulp-uglify-es": "^2.0.0",
      "gulp-watch": "^5.0.1",
      "node-bourbon": "^4.2.8"
    },
    "dependencies": {
      "imagemin-pngquant": "^9.0.1",
      "rimraf": "^3.0.2"
    }
  }

yarn manifest: 
  No manifest

Lockfile: 
  No lockfile
